<?xml version="1.0" encoding="UTF-8"?>
<!-- Generated by org.testng.reporters.JUnitReportReporter -->
<testsuite hostname="facaedaeecdefddfddddfcfdabdafecefecf-0" failures="0" tests="4" name="com.examly.springapp.SpringApplicationTests" time="3.537" errors="0" timestamp="2023-08-07T08:02:51 UTC" skipped="0">
  <testcase classname="com.examly.springapp.SpringApplicationTests" name="iamNeo" time="2.869"/>
  <system-out/>
  <testcase classname="com.examly.springapp.SpringApplicationTests" name="nextPage" time="0.469"/>
  <system-out/>
  <testcase classname="com.examly.springapp.SpringApplicationTests" name="currentURL" time="0.119"/>
  <system-out/>
  <testcase classname="com.examly.springapp.SpringApplicationTests" name="backPage" time="0.080"/>
  <system-out/>
</testsuite> <!-- com.examly.springapp.SpringApplicationTests -->
